<?xml version="1.0" encoding="UTF-8" ?>
<testsuite failures="1" time="0.006" errors="0" skipped="0" tests="2" name="giovanny.prueba.giovanny.prueba.AppTest">
  <properties>
[...]
</properties>
  <testcase time="0.004" classname="giovanny.prueba.giovanny.prueba.AppTest" name="testApp2">
    <failure type="junit.framework.AssertionFailedError">junit.framework.AssertionFailedError
	at junit.framework.Assert.fail(Assert.java:47)
	at junit.framework.Assert.assertTrue(Assert.java:20)
	at junit.framework.Assert.assertNotNull(Assert.java:220)
	at junit.framework.Assert.assertNotNull(Assert.java:213)
	at giovanny.prueba.giovanny.prueba.AppTest.testApp2(AppTest.java:54)
</failure>
  </testcase>
  <testcase time="0" classname="giovanny.prueba.giovanny.prueba.AppTest" name="testApp"/>
</testsuite>